<?xml version="1.0" encoding="UTF-8"?>
<!-- Generated by org.testng.reporters.JUnitXMLReporter -->
<testsuite hostname="HEU-PEDRO-PRADIITA" name="AdminPage" tests="3" failures="0" timestamp="25 Dec 2021 06:21:49 GMT" time="25.262" errors="0">
  <testcase name="successCreatePost" time="5.769" classname="script.AdminTest"/>
  <testcase name="successDeletePost" time="3.91" classname="script.AdminTest"/>
  <testcase name="successEditPost" time="3.982" classname="script.AdminTest"/>
</testsuite> <!-- AdminPage -->
